<?xml version="1.0" encoding="utf-8"?><testsuites name="pytest tests"><testsuite name="pytest" errors="0" failures="1" skipped="0" tests="28" time="21.665" timestamp="2026-05-08T11:43:03.568498+00:00" hostname="agent-env-169b71c0-4d58-4f04-b7c0-51fdeeee315f"><testcase classname="backend.tests.backend_test" name="test_root_health" time="0.259" /><testcase classname="backend.tests.backend_test.TestAuth" name="test_register_returns_token_and_cookies" time="0.367" /><testcase classname="backend.tests.backend_test.TestAuth" name="test_register_duplicate_returns_409" time="0.559" /><testcase classname="backend.tests.backend_test.TestAuth" name="test_login_invalid_returns_401" time="0.349" /><testcase classname="backend.tests.backend_test.TestAuth" name="test_me_with_bearer" time="0.132" /><testcase classname="backend.tests.backend_test.TestAuth" name="test_me_with_cookie" time="0.450" /><testcase classname="backend.tests.backend_test.TestAuth" name="test_me_unauth" time="0.144" /><testcase classname="backend.tests.backend_test.TestAuth" name="test_logout_clears_cookies" time="0.365" /><testcase classname="backend.tests.backend_test.TestAuth" name="test_brute_force_lockout" time="1.524"><failure message="AssertionError: Expected lockout (429) after 5 fails, got: [401, 500, 401, 500, 500, 500]&#10;assert 429 in [401, 500, 401, 500, 500, 500]">backend/tests/backend_test.py:118: in test_brute_force_lockout
    assert 429 in codes, f"Expected lockout (429) after 5 fails, got: {codes}"
E   AssertionError: Expected lockout (429) after 5 fails, got: [401, 500, 401, 500, 500, 500]
E   assert 429 in [401, 500, 401, 500, 500, 500]</failure></testcase><testcase classname="backend.tests.backend_test.TestProfile" name="test_get_health_profile" time="0.109" /><testcase classname="backend.tests.backend_test.TestProfile" name="test_put_health_profile" time="0.269" /><testcase classname="backend.tests.backend_test.TestChat" name="test_models_listing" time="0.143" /><testcase classname="backend.tests.backend_test.TestChat" name="test_send_message_creates_conversation" time="9.725" /><testcase classname="backend.tests.backend_test.TestChat" name="test_get_and_delete_conversation" time="3.215" /><testcase classname="backend.tests.backend_test.TestVoice" name="test_transcribe_requires_audio_bytes" time="0.101" /><testcase classname="backend.tests.backend_test.TestVoice" name="test_transcribe_unauth" time="0.096" /><testcase classname="backend.tests.backend_test.TestVoice" name="test_tts_returns_base64" time="1.348" /><testcase classname="backend.tests.backend_test.TestAdmin" name="test_non_admin_blocked" time="0.102" /><testcase classname="backend.tests.backend_test.TestAdmin" name="test_admin_users_list" time="0.456" /><testcase classname="backend.tests.backend_test.TestAdmin" name="test_admin_users_q_filter" time="0.112" /><testcase classname="backend.tests.backend_test.TestAdmin" name="test_admin_get_user" time="0.234" /><testcase classname="backend.tests.backend_test.TestAdmin" name="test_admin_cannot_ban_self" time="0.229" /><testcase classname="backend.tests.backend_test.TestAdmin" name="test_admin_cannot_delete_self" time="0.206" /><testcase classname="backend.tests.backend_test.TestAdmin" name="test_admin_role_update" time="0.257" /><testcase classname="backend.tests.backend_test.TestAdmin" name="test_admin_user_conversations" time="0.227" /><testcase classname="backend.tests.backend_test.TestAdmin" name="test_admin_conversations_search" time="0.114" /><testcase classname="backend.tests.backend_test.TestAdmin" name="test_admin_settings_get_and_put" time="0.324" /><testcase classname="backend.tests.backend_test.TestAdmin" name="test_admin_analytics" time="0.123" /></testsuite></testsuites>